0 info it worked if it ends with ok
1 verbose cli [ 'node', '/usr/local/bin/npm', 'install', 'bootstrap' ]
2 info using npm@2.1.4
3 info using node@v0.10.32
4 verbose node symlink /usr/local/bin/node
5 silly cache add args [ 'bootstrap', null ]
6 verbose cache add spec bootstrap
7 silly cache add parsed spec { raw: 'bootstrap',
7 silly cache add   scope: null,
7 silly cache add   name: 'bootstrap',
7 silly cache add   rawSpec: '',
7 silly cache add   spec: '*',
7 silly cache add   type: 'range' }
8 verbose addNamed bootstrap@*
9 silly addNamed semver.valid null
10 silly addNamed semver.validRange *
11 silly addNameRange { name: 'bootstrap', range: '*', hasData: false }
12 verbose mapToRegistry name bootstrap
13 verbose mapToRegistry uri https://registry.npmjs.org/bootstrap
14 verbose addNameRange registry:https://registry.npmjs.org/bootstrap not in flight; fetching
15 verbose request on initialization, where is /bootstrap
16 verbose request after pass 1, where is /bootstrap
17 verbose request url raw /bootstrap
18 verbose request resolving registry [ 'https://registry.npmjs.org/', './bootstrap' ]
19 verbose request after pass 2, where is https://registry.npmjs.org/bootstrap
20 verbose request no auth needed
21 info attempt registry request try #1 at 16:23:02
22 verbose request id 6582ec2fe22d94c1
23 verbose etag "87P8C5QEOAAU4HGGK48MWG1G5"
24 http request GET https://registry.npmjs.org/bootstrap
25 http 304 https://registry.npmjs.org/bootstrap
26 silly registry.get cb [ 304,
26 silly registry.get   { date: 'Sun, 28 Dec 2014 00:23:05 GMT',
26 silly registry.get     server: 'Apache',
26 silly registry.get     via: '1.1 varnish',
26 silly registry.get     'last-modified': 'Sun, 28 Dec 2014 00:23:06 GMT',
26 silly registry.get     'cache-control': 'max-age=60',
26 silly registry.get     etag: '"87P8C5QEOAAU4HGGK48MWG1G5"',
26 silly registry.get     age: '0',
26 silly registry.get     'x-served-by': 'cache-sjc3134-SJC',
26 silly registry.get     'x-cache': 'MISS',
26 silly registry.get     'x-cache-hits': '0',
26 silly registry.get     'x-timer': 'S1419726185.750782,VS0,VE349',
26 silly registry.get     vary: 'Accept',
26 silly registry.get     'content-length': '0',
26 silly registry.get     'keep-alive': 'timeout=10, max=50',
26 silly registry.get     connection: 'Keep-Alive' } ]
27 verbose etag https://registry.npmjs.org/bootstrap from cache
28 silly addNameRange number 2 { name: 'bootstrap', range: '*', hasData: true }
29 silly addNameRange versions [ 'bootstrap',
29 silly addNameRange   [ '0.0.1', '0.0.2', '3.1.1', '3.2.0', '3.3.0', '3.3.1' ] ]
30 verbose addNamed bootstrap@3.3.1
31 silly addNamed semver.valid 3.3.1
32 silly addNamed semver.validRange 3.3.1
33 verbose addRemoteTarball https://registry.npmjs.org/bootstrap/-/bootstrap-3.3.1.tgz not in flight; adding
34 verbose addRemoteTarball [ 'https://registry.npmjs.org/bootstrap/-/bootstrap-3.3.1.tgz',
34 verbose addRemoteTarball   '43a408cd24859fdbe876e3d37ab2876d31e256a2' ]
35 info retry fetch attempt 1 at 16:23:05
36 info attempt registry request try #1 at 16:23:05
37 http fetch GET https://registry.npmjs.org/bootstrap/-/bootstrap-3.3.1.tgz
38 http fetch 200 https://registry.npmjs.org/bootstrap/-/bootstrap-3.3.1.tgz
39 silly fetchAndShaCheck shasum 43a408cd24859fdbe876e3d37ab2876d31e256a2
40 verbose addTmpTarball /var/folders/8z/vd1cs0gs4lz783w1130kt8rh0000gn/T/npm-8669-2bafa4ed/registry.npmjs.org/bootstrap/-/bootstrap-3.3.1.tgz not in flight; adding
41 verbose addTmpTarball already have metadata; skipping unpack for bootstrap@3.3.1
42 silly cache afterAdd bootstrap@3.3.1
43 verbose afterAdd /Users/Allison/.npm/bootstrap/3.3.1/package/package.json not in flight; writing
44 verbose afterAdd /Users/Allison/.npm/bootstrap/3.3.1/package/package.json written
45 silly install resolved [ { name: 'bootstrap',
45 silly install resolved     description: 'The most popular front-end framework for developing responsive, mobile first projects on the web.',
45 silly install resolved     version: '3.3.1',
45 silly install resolved     keywords:
45 silly install resolved      [ 'css',
45 silly install resolved        'less',
45 silly install resolved        'mobile-first',
45 silly install resolved        'responsive',
45 silly install resolved        'front-end',
45 silly install resolved        'framework',
45 silly install resolved        'web' ],
45 silly install resolved     homepage: 'http://getbootstrap.com',
45 silly install resolved     author: { name: 'Twitter, Inc.' },
45 silly install resolved     scripts: { test: 'grunt test' },
45 silly install resolved     style: 'dist/css/bootstrap.css',
45 silly install resolved     less: 'less/bootstrap.less',
45 silly install resolved     main: './dist/js/npm',
45 silly install resolved     repository: { type: 'git', url: 'https://github.com/twbs/bootstrap.git' },
45 silly install resolved     bugs: { url: 'https://github.com/twbs/bootstrap/issues' },
45 silly install resolved     license:
45 silly install resolved      { type: 'MIT',
45 silly install resolved        url: 'https://github.com/twbs/bootstrap/blob/master/LICENSE' },
45 silly install resolved     devDependencies:
45 silly install resolved      { btoa: '~1.1.2',
45 silly install resolved        glob: '~4.0.6',
45 silly install resolved        grunt: '~0.4.5',
45 silly install resolved        'grunt-autoprefixer': '~1.0.1',
45 silly install resolved        'grunt-banner': '~0.2.3',
45 silly install resolved        'grunt-contrib-clean': '~0.6.0',
45 silly install resolved        'grunt-contrib-concat': '~0.5.0',
45 silly install resolved        'grunt-contrib-connect': '~0.9.0',
45 silly install resolved        'grunt-contrib-copy': '~0.7.0',
45 silly install resolved        'grunt-contrib-csslint': '~0.3.1',
45 silly install resolved        'grunt-contrib-cssmin': '~0.10.0',
45 silly install resolved        'grunt-contrib-jade': '~0.13.0',
45 silly install resolved        'grunt-contrib-jshint': '~0.10.0',
45 silly install resolved        'grunt-contrib-less': '~0.12.0',
45 silly install resolved        'grunt-contrib-qunit': '~0.5.2',
45 silly install resolved        'grunt-contrib-uglify': '~0.6.0',
45 silly install resolved        'grunt-contrib-watch': '~0.6.1',
45 silly install resolved        'grunt-csscomb': '~3.0.0',
45 silly install resolved        'grunt-exec': '~0.4.6',
45 silly install resolved        'grunt-html-validation': '~0.1.18',
45 silly install resolved        'grunt-jekyll': '~0.4.2',
45 silly install resolved        'grunt-jscs': '~0.8.1',
45 silly install resolved        'grunt-saucelabs': '~8.3.2',
45 silly install resolved        'grunt-sed': '~0.1.1',
45 silly install resolved        'load-grunt-tasks': '~1.0.0',
45 silly install resolved        'npm-shrinkwrap': '~5.1.0',
45 silly install resolved        remarkable: '~1.4.0',
45 silly install resolved        'time-grunt': '~1.0.0' },
45 silly install resolved     engines: { node: '~0.10.1' },
45 silly install resolved     jspm:
45 silly install resolved      { main: 'js/bootstrap',
45 silly install resolved        directories: [Object],
45 silly install resolved        shim: [Object],
45 silly install resolved        buildConfig: [Object] },
45 silly install resolved     gitHead: '9a7e365c2c4360335d25246dac11afb1f577210a',
45 silly install resolved     _id: 'bootstrap@3.3.1',
45 silly install resolved     _shasum: '43a408cd24859fdbe876e3d37ab2876d31e256a2',
45 silly install resolved     _from: 'bootstrap@*',
45 silly install resolved     _npmVersion: '1.4.28',
45 silly install resolved     _npmUser: { name: 'twbs', email: 'getbootstrap@gmail.com' },
45 silly install resolved     maintainers: [ [Object] ],
45 silly install resolved     dist:
45 silly install resolved      { shasum: '43a408cd24859fdbe876e3d37ab2876d31e256a2',
45 silly install resolved        tarball: 'http://registry.npmjs.org/bootstrap/-/bootstrap-3.3.1.tgz' },
45 silly install resolved     directories: {},
45 silly install resolved     _resolved: 'https://registry.npmjs.org/bootstrap/-/bootstrap-3.3.1.tgz' } ]
46 info install bootstrap@3.3.1 into /Users/Allison/harpWebsite
47 info installOne bootstrap@3.3.1
48 verbose installOne of bootstrap to /Users/Allison/harpWebsite not in flight; installing
49 warn locking Error: EACCES, open '/Users/Allison/.npm/_locks/bootstrap-c0cbad408382702c.lock'
49 warn locking  /Users/Allison/.npm/_locks/bootstrap-c0cbad408382702c.lock failed { [Error: EACCES, open '/Users/Allison/.npm/_locks/bootstrap-c0cbad408382702c.lock']
49 warn locking   errno: 3,
49 warn locking   code: 'EACCES',
49 warn locking   path: '/Users/Allison/.npm/_locks/bootstrap-c0cbad408382702c.lock' }
50 verbose stack Error: Attempt to unlock /Users/Allison/harpWebsite/node_modules/bootstrap, which hasn't been locked
50 verbose stack     at unlock (/usr/local/lib/node_modules/npm/lib/utils/locker.js:66:11)
50 verbose stack     at cb (/usr/local/lib/node_modules/npm/lib/install.js:911:5)
50 verbose stack     at /usr/local/lib/node_modules/npm/lib/install.js:915:20
50 verbose stack     at /usr/local/lib/node_modules/npm/lib/utils/locker.js:40:9
50 verbose stack     at cb (/usr/local/lib/node_modules/npm/node_modules/lockfile/lockfile.js:149:38)
50 verbose stack     at /usr/local/lib/node_modules/npm/node_modules/lockfile/lockfile.js:177:38
50 verbose stack     at Object.oncomplete (fs.js:107:15)
51 verbose cwd /Users/Allison/harpWebsite
52 error Darwin 14.0.0
53 error argv "node" "/usr/local/bin/npm" "install" "bootstrap"
54 error node v0.10.32
55 error npm  v2.1.4
56 error Attempt to unlock /Users/Allison/harpWebsite/node_modules/bootstrap, which hasn't been locked
57 error If you need help, you may report this error at:
57 error     <http://github.com/npm/npm/issues>
58 verbose exit [ 1, true ]
